<?xml version="1.0" encoding="UTF-8"?>
<!-- Generated by org.testng.reporters.JUnitXMLReporter -->
<testsuite hostname="LAPTOP-GEAVMM5J" ignored="0" name="Test Case-2" tests="8" failures="0" timestamp="20 Apr 2020 13:20:11 GMT" time="123.223" errors="0">
  <testcase name="CreateCtgry_Inventory" time="7.82" classname="com.Maintenance.tests.TC_02_Inventory_Master"/>
  <testcase name="CreateCtgry_Inventory" time="6.966" classname="com.Maintenance.tests.TC_02_Inventory_Master"/>
  <testcase name="CreateBrand_Inventory" time="7.305" classname="com.Maintenance.tests.TC_02_Inventory_Master"/>
  <testcase name="CreateBrand_Inventory" time="6.988" classname="com.Maintenance.tests.TC_02_Inventory_Master"/>
  <testcase name="CreateUOM_Inventory" time="6.84" classname="com.Maintenance.tests.TC_02_Inventory_Master"/>
  <testcase name="CreateUOM_Inventory" time="6.815" classname="com.Maintenance.tests.TC_02_Inventory_Master"/>
  <testcase name="CreateSpare_Inventory" time="22.261" classname="com.Maintenance.tests.TC_02_Inventory_Master"/>
  <testcase name="CreateSpare_Inventory" time="21.943" classname="com.Maintenance.tests.TC_02_Inventory_Master"/>
</testsuite> <!-- Test Case-2 -->
