<?xml version="1.0" encoding="UTF-8"?>
<!-- Generated by org.testng.reporters.JUnitXMLReporter -->
<testsuite hostname="LAPTOP-GEAVMM5J" ignored="0" name="Test Case-1" tests="8" failures="0" timestamp="20 Apr 2020 13:18:08 GMT" time="127.939" errors="0">
  <testcase name="CreateProduct_Master" time="8.863" classname="com.Maintenance.tests.TC_01_Product_Master"/>
  <testcase name="CreateProduct_Master" time="27.511" classname="com.Maintenance.tests.TC_01_Product_Master"/>
  <testcase name="CreateProductCategory_Master" time="7.81" classname="com.Maintenance.tests.TC_01_Product_Master"/>
  <testcase name="CreateProductCategory_Master" time="7.317" classname="com.Maintenance.tests.TC_01_Product_Master"/>
  <testcase name="CreateBrand_Master" time="7.089" classname="com.Maintenance.tests.TC_01_Product_Master"/>
  <testcase name="CreateBrand_Master" time="7.078" classname="com.Maintenance.tests.TC_01_Product_Master"/>
  <testcase name="CreateModel_Master" time="10.39" classname="com.Maintenance.tests.TC_01_Product_Master"/>
  <testcase name="CreateModel_Master" time="9.977" classname="com.Maintenance.tests.TC_01_Product_Master"/>
</testsuite> <!-- Test Case-1 -->
