<?xml version="1.0" encoding="UTF-8"?>
<!-- Generated by org.testng.reporters.JUnitXMLReporter -->
<testsuite hostname="LAPTOP-GEAVMM5J" ignored="0" name="Test Case-3" tests="6" failures="0" timestamp="20 Apr 2020 13:21:19 GMT" time="67.715" errors="0">
  <testcase name="CreateNationality_Customer" time="6.246" classname="com.Maintenance.tests.TC_03_Customer_Master"/>
  <testcase name="CreateNationality_Customer" time="6.328" classname="com.Maintenance.tests.TC_03_Customer_Master"/>
  <testcase name="CreateCity_Customer" time="6.038" classname="com.Maintenance.tests.TC_03_Customer_Master"/>
  <testcase name="CreateCity_Customer" time="5.965" classname="com.Maintenance.tests.TC_03_Customer_Master"/>
  <testcase name="CreateArea_Customer" time="6.72" classname="com.Maintenance.tests.TC_03_Customer_Master"/>
  <testcase name="CreateArea_Customer" time="6.628" classname="com.Maintenance.tests.TC_03_Customer_Master"/>
</testsuite> <!-- Test Case-3 -->
